<?xml version="1.0" encoding="UTF-8"?>
<!-- Generated by org.testng.reporters.JUnitReportReporter -->
<testsuite hostname="USER-PC" failures="0" tests="1" name="com.paylocity.automation.runner.Employee_Test" time="6.262" errors="0" timestamp="30 Nov 2020 06:29:35 GMT">
  <testcase classname="com.paylocity.automation.runner.Employee_Test" name="runScenario" time="6.262"/>
</testsuite> <!-- com.paylocity.automation.runner.Employee_Test -->
