<?xml version="1.0" encoding="UTF-8"?>
<!-- Generated by org.testng.reporters.JUnitReportReporter -->
<testsuite hostname="USER-PC" failures="0" tests="1" name="com.paylocity.automation.runner.AddEmployee_Test" time="17.668" errors="0" timestamp="28 Nov 2020 15:35:29 GMT">
  <testcase classname="com.paylocity.automation.runner.AddEmployee_Test" name="runScenario" time="17.668"/>
</testsuite> <!-- com.paylocity.automation.runner.AddEmployee_Test -->
